Standard ML of New Jersey v110.84 [built: Fri Sep 28 19:40:37 2018]
- val pair = fn : 'a -> 'b -> ('a -> 'b -> 'c) -> 'c
stdIn:3.1-7.32 Warning: type vars not generalized because of
   value restriction are instantiated to dummy types (X1,X2,...)
val it = fn
  : ((((((((((((((((?.X1 -> ?.X1) -> (?.X1 -> ?.X1) -> ?.X2) -> ?.X2)
                 -> (((?.X1 -> ?.X1) -> (?.X1 -> ?.X1) -> ?.X2) -> ?.X2)
                    -> ?.X3)
                -> ?.X3)
               -> (((((?.X1 -> ?.X1) -> (?.X1 -> ?.X1) -> ?.X2) -> ?.X2)
                    -> (((?.X1 -> ?.X1) -> (?.X1 -> ?.X1) -> ?.X2) -> ?.X2)
                       -> ?.X3)
                   -> ?.X3)
                  -> ?.X4)
              -> ?.X4)
             -> (((((((?.X1 -> ?.X1) -> (?.X1 -> ?.X1) -> ?.X2) -> ?.X2)
                    -> (((?.X1 -> ?.X1) -> (?.X1 -> ?.X1) -> ?.X2) -> ?.X2)
                       -> ?.X3)
                   -> ?.X3)
                  -> (((((?.X1 -> ?.X1) -> (?.X1 -> ?.X1) -> ?.X2) -> ?.X2)
                       -> (((?.X1 -> ?.X1) -> (?.X1 -> ?.X1) -> ?.X2) -> ?.X2)
                          -> ?.X3)
                      -> ?.X3)
                     -> ?.X4)
                 -> ?.X4)
                -> ?.X5)
            -> ?.X5)
           -> (((((((((?.X1 -> ?.X1) -> (?.X1 -> ?.X1) -> ?.X2) -> ?.X2)
                    -> (((?.X1 -> ?.X1) -> (?.X1 -> ?.X1) -> ?.X2) -> ?.X2)
                       -> ?.X3)
                   -> ?.X3)
                  -> (((((?.X1 -> ?.X1) -> (?.X1 -> ?.X1) -> ?.X2) -> ?.X2)
                       -> (((?.X1 -> ?.X1) -> (?.X1 -> ?.X1) -> ?.X2) -> ?.X2)
                          -> ?.X3)
                      -> ?.X3)
                     -> ?.X4)
                 -> ?.X4)
                -> (((((((?.X1 -> ?.X1) -> (?.X1 -> ?.X1) -> ?.X2) -> ?.X2)
                       -> (((?.X1 -> ?.X1) -> (?.X1 -> ?.X1) -> ?.X2) -> ?.X2)
                          -> ?.X3)
                      -> ?.X3)
                     -> (((((?.X1 -> ?.X1) -> (?.X1 -> ?.X1) -> ?.X2) -> ?.X2)
                          -> (((?.X1 -> ?.X1) -> (?.X1 -> ?.X1) -> ?.X2)
                              -> ?.X2)
                             -> ?.X3)
                         -> ?.X3)
                        -> ?.X4)
                    -> ?.X4)
                   -> ?.X5)
               -> ?.X5)
              -> ?.X6)
          -> ?.X6)
         -> (((((((((((?.X1 -> ?.X1) -> (?.X1 -> ?.X1) -> ?.X2) -> ?.X2)
                    -> (((?.X1 -> ?.X1) -> (?.X1 -> ?.X1) -> ?.X2) -> ?.X2)
                       -> ?.X3)
                   -> ?.X3)
                  -> (((((?.X1 -> ?.X1) -> (?.X1 -> ?.X1) -> ?.X2) -> ?.X2)
                       -> (((?.X1 -> ?.X1) -> (?.X1 -> ?.X1) -> ?.X2) -> ?.X2)
                          -> ?.X3)
                      -> ?.X3)
                     -> ?.X4)
                 -> ?.X4)
                -> (((((((?.X1 -> ?.X1) -> (?.X1 -> ?.X1) -> ?.X2) -> ?.X2)
                       -> (((?.X1 -> ?.X1) -> (?.X1 -> ?.X1) -> ?.X2) -> ?.X2)
                          -> ?.X3)
                      -> ?.X3)
                     -> (((((?.X1 -> ?.X1) -> (?.X1 -> ?.X1) -> ?.X2) -> ?.X2)
                          -> (((?.X1 -> ?.X1) -> (?.X1 -> ?.X1) -> ?.X2)
                              -> ?.X2)
                             -> ?.X3)
                         -> ?.X3)
                        -> ?.X4)
                    -> ?.X4)
                   -> ?.X5)
               -> ?.X5)
              -> (((((((((?.X1 -> ?.X1) -> (?.X1 -> ?.X1) -> ?.X2) -> ?.X2)
                       -> (((?.X1 -> ?.X1) -> (?.X1 -> ?.X1) -> ?.X2) -> ?.X2)
                          -> ?.X3)
                      -> ?.X3)
                     -> (((((?.X1 -> ?.X1) -> (?.X1 -> ?.X1) -> ?.X2) -> ?.X2)
                          -> (((?.X1 -> ?.X1) -> (?.X1 -> ?.X1) -> ?.X2)
                              -> ?.X2)
                             -> ?.X3)
                         -> ?.X3)
                        -> ?.X4)
                    -> ?.X4)
                   -> (((((((?.X1 -> ?.X1) -> (?.X1 -> ?.X1) -> ?.X2) -> ?.X2)
                          -> (((?.X1 -> ?.X1) -> (?.X1 -> ?.X1) -> ?.X2)
                              -> ?.X2)
                             -> ?.X3)
                         -> ?.X3)
                        -> (((((?.X1 -> ?.X1) -> (?.X1 -> ?.X1) -> ?.X2)
                              -> ?.X2)
                             -> (((?.X1 -> ?.X1) -> (?.X1 -> ?.X1) -> ?.X2)
                                 -> ?.X2)
                                -> ?.X3)
                            -> ?.X3)
                           -> ?.X4)
                       -> ?.X4)
                      -> ?.X5)
                  -> ?.X5)
                 -> ?.X6)
             -> ?.X6)
            -> ?.X7)
        -> ?.X7)
       -> (((((((((((((?.X1 -> ?.X1) -> (?.X1 -> ?.X1) -> ?.X2) -> ?.X2)
                    -> (((?.X1 -> ?.X1) -> (?.X1 -> ?.X1) -> ?.X2) -> ?.X2)
                       -> ?.X3)
                   -> ?.X3)
                  -> (((((?.X1 -> ?.X1) -> (?.X1 -> ?.X1) -> ?.X2) -> ?.X2)
                       -> (((?.X1 -> ?.X1) -> (?.X1 -> ?.X1) -> ?.X2) -> ?.X2)
                          -> ?.X3)
                      -> ?.X3)
                     -> ?.X4)
                 -> ?.X4)
                -> (((((((?.X1 -> ?.X1) -> (?.X1 -> ?.X1) -> ?.X2) -> ?.X2)
                       -> (((?.X1 -> ?.X1) -> (?.X1 -> ?.X1) -> ?.X2) -> ?.X2)
                          -> ?.X3)
                      -> ?.X3)
                     -> (((((?.X1 -> ?.X1) -> (?.X1 -> ?.X1) -> ?.X2) -> ?.X2)
                          -> (((?.X1 -> ?.X1) -> (?.X1 -> ?.X1) -> ?.X2)
                              -> ?.X2)
                             -> ?.X3)
                         -> ?.X3)
                        -> ?.X4)
                    -> ?.X4)
                   -> ?.X5)
               -> ?.X5)
              -> (((((((((?.X1 -> ?.X1) -> (?.X1 -> ?.X1) -> ?.X2) -> ?.X2)
                       -> (((?.X1 -> ?.X1) -> (?.X1 -> ?.X1) -> ?.X2) -> ?.X2)
                          -> ?.X3)
                      -> ?.X3)
                     -> (((((?.X1 -> ?.X1) -> (?.X1 -> ?.X1) -> ?.X2) -> ?.X2)
                          -> (((?.X1 -> ?.X1) -> (?.X1 -> ?.X1) -> ?.X2)
                              -> ?.X2)
                             -> ?.X3)
                         -> ?.X3)
                        -> ?.X4)
                    -> ?.X4)
                   -> (((((((?.X1 -> ?.X1) -> (?.X1 -> ?.X1) -> ?.X2) -> ?.X2)
                          -> (((?.X1 -> ?.X1) -> (?.X1 -> ?.X1) -> ?.X2)
                              -> ?.X2)
                             -> ?.X3)
                         -> ?.X3)
                        -> (((((?.X1 -> ?.X1) -> (?.X1 -> ?.X1) -> ?.X2)
                              -> ?.X2)
                             -> (((?.X1 -> ?.X1) -> (?.X1 -> ?.X1) -> ?.X2)
                                 -> ?.X2)
                                -> ?.X3)
                            -> ?.X3)
                           -> ?.X4)
                       -> ?.X4)
                      -> ?.X5)
                  -> ?.X5)
                 -> ?.X6)
             -> ?.X6)
            -> (((((((((((?.X1 -> ?.X1) -> (?.X1 -> ?.X1) -> ?.X2) -> ?.X2)
                       -> (((?.X1 -> ?.X1) -> (?.X1 -> ?.X1) -> ?.X2) -> ?.X2)
                          -> ?.X3)
                      -> ?.X3)
                     -> (((((?.X1 -> ?.X1) -> (?.X1 -> ?.X1) -> ?.X2) -> ?.X2)
                          -> (((?.X1 -> ?.X1) -> (?.X1 -> ?.X1) -> ?.X2)
                              -> ?.X2)
                             -> ?.X3)
                         -> ?.X3)
                        -> ?.X4)
                    -> ?.X4)
                   -> (((((((?.X1 -> ?.X1) -> (?.X1 -> ?.X1) -> ?.X2) -> ?.X2)
                          -> (((?.X1 -> ?.X1) -> (?.X1 -> ?.X1) -> ?.X2)
                              -> ?.X2)
                             -> ?.X3)
                         -> ?.X3)
                        -> (((((?.X1 -> ?.X1) -> (?.X1 -> ?.X1) -> ?.X2)
                              -> ?.X2)
                             -> (((?.X1 -> ?.X1) -> (?.X1 -> ?.X1) -> ?.X2)
                                 -> ?.X2)
                                -> ?.X3)
                            -> ?.X3)
                           -> ?.X4)
                       -> ?.X4)
                      -> ?.X5)
                  -> ?.X5)
                 -> (((((((((?.X1 -> ?.X1) -> (?.X1 -> ?.X1) -> ?.X2) -> ?.X2)
                          -> (((?.X1 -> ?.X1) -> (?.X1 -> ?.X1) -> ?.X2)
                              -> ?.X2)
                             -> ?.X3)
                         -> ?.X3)
                        -> (((((?.X1 -> ?.X1) -> (?.X1 -> ?.X1) -> ?.X2)
                              -> ?.X2)
                             -> (((?.X1 -> ?.X1) -> (?.X1 -> ?.X1) -> ?.X2)
                                 -> ?.X2)
                                -> ?.X3)
                            -> ?.X3)
                           -> ?.X4)
                       -> ?.X4)
                      -> (((((((?.X1 -> ?.X1) -> (?.X1 -> ?.X1) -> ?.X2)
                              -> ?.X2)
                             -> (((?.X1 -> ?.X1) -> (?.X1 -> ?.X1) -> ?.X2)
                                 -> ?.X2)
                                -> ?.X3)
                            -> ?.X3)
                           -> (((((?.X1 -> ?.X1) -> (?.X1 -> ?.X1) -> ?.X2)
                                 -> ?.X2)
                                -> (((?.X1 -> ?.X1) -> (?.X1 -> ?.X1) -> ?.X2)
                                    -> ?.X2)
                                   -> ?.X3)
                               -> ?.X3)
                              -> ?.X4)
                          -> ?.X4)
                         -> ?.X5)
                     -> ?.X5)
                    -> ?.X6)
                -> ?.X6)
               -> ?.X7)
           -> ?.X7)
          -> ?.X8)
      -> ?.X8)
     -> (((((((((((((((?.X1 -> ?.X1) -> (?.X1 -> ?.X1) -> ?.X2) -> ?.X2)
                    -> (((?.X1 -> ?.X1) -> (?.X1 -> ?.X1) -> ?.X2) -> ?.X2)
                       -> ?.X3)
                   -> ?.X3)
                  -> (((((?.X1 -> ?.X1) -> (?.X1 -> ?.X1) -> ?.X2) -> ?.X2)
                       -> (((?.X1 -> ?.X1) -> (?.X1 -> ?.X1) -> ?.X2) -> ?.X2)
                          -> ?.X3)
                      -> ?.X3)
                     -> ?.X4)
                 -> ?.X4)
                -> (((((((?.X1 -> ?.X1) -> (?.X1 -> ?.X1) -> ?.X2) -> ?.X2)
                       -> (((?.X1 -> ?.X1) -> (?.X1 -> ?.X1) -> ?.X2) -> ?.X2)
                          -> ?.X3)
                      -> ?.X3)
                     -> (((((?.X1 -> ?.X1) -> (?.X1 -> ?.X1) -> ?.X2) -> ?.X2)
                          -> (((?.X1 -> ?.X1) -> (?.X1 -> ?.X1) -> ?.X2)
                              -> ?.X2)
                             -> ?.X3)
                         -> ?.X3)
                        -> ?.X4)
                    -> ?.X4)
                   -> ?.X5)
               -> ?.X5)
              -> (((((((((?.X1 -> ?.X1) -> (?.X1 -> ?.X1) -> ?.X2) -> ?.X2)
                       -> (((?.X1 -> ?.X1) -> (?.X1 -> ?.X1) -> ?.X2) -> ?.X2)
                          -> ?.X3)
                      -> ?.X3)
                     -> (((((?.X1 -> ?.X1) -> (?.X1 -> ?.X1) -> ?.X2) -> ?.X2)
                          -> (((?.X1 -> ?.X1) -> (?.X1 -> ?.X1) -> ?.X2)
                              -> ?.X2)
                             -> ?.X3)
                         -> ?.X3)
                        -> ?.X4)
                    -> ?.X4)
                   -> (((((((?.X1 -> ?.X1) -> (?.X1 -> ?.X1) -> ?.X2) -> ?.X2)
                          -> (((?.X1 -> ?.X1) -> (?.X1 -> ?.X1) -> ?.X2)
                              -> ?.X2)
                             -> ?.X3)
                         -> ?.X3)
                        -> (((((?.X1 -> ?.X1) -> (?.X1 -> ?.X1) -> ?.X2)
                              -> ?.X2)
                             -> (((?.X1 -> ?.X1) -> (?.X1 -> ?.X1) -> ?.X2)
                                 -> ?.X2)
                                -> ?.X3)
                            -> ?.X3)
                           -> ?.X4)
                       -> ?.X4)
                      -> ?.X5)
                  -> ?.X5)
                 -> ?.X6)
             -> ?.X6)
            -> (((((((((((?.X1 -> ?.X1) -> (?.X1 -> ?.X1) -> ?.X2) -> ?.X2)
                       -> (((?.X1 -> ?.X1) -> (?.X1 -> ?.X1) -> ?.X2) -> ?.X2)
                          -> ?.X3)
                      -> ?.X3)
                     -> (((((?.X1 -> ?.X1) -> (?.X1 -> ?.X1) -> ?.X2) -> ?.X2)
                          -> (((?.X1 -> ?.X1) -> (?.X1 -> ?.X1) -> ?.X2)
                              -> ?.X2)
                             -> ?.X3)
                         -> ?.X3)
                        -> ?.X4)
                    -> ?.X4)
                   -> (((((((?.X1 -> ?.X1) -> (?.X1 -> ?.X1) -> ?.X2) -> ?.X2)
                          -> (((?.X1 -> ?.X1) -> (?.X1 -> ?.X1) -> ?.X2)
                              -> ?.X2)
                             -> ?.X3)
                         -> ?.X3)
                        -> (((((?.X1 -> ?.X1) -> (?.X1 -> ?.X1) -> ?.X2)
                              -> ?.X2)
                             -> (((?.X1 -> ?.X1) -> (?.X1 -> ?.X1) -> ?.X2)
                                 -> ?.X2)
                                -> ?.X3)
                            -> ?.X3)
                           -> ?.X4)
                       -> ?.X4)
                      -> ?.X5)
                  -> ?.X5)
                 -> (((((((((?.X1 -> ?.X1) -> (?.X1 -> ?.X1) -> ?.X2) -> ?.X2)
                          -> (((?.X1 -> ?.X1) -> (?.X1 -> ?.X1) -> ?.X2)
                              -> ?.X2)
                             -> ?.X3)
                         -> ?.X3)
                        -> (((((?.X1 -> ?.X1) -> (?.X1 -> ?.X1) -> ?.X2)
                              -> ?.X2)
                             -> (((?.X1 -> ?.X1) -> (?.X1 -> ?.X1) -> ?.X2)
                                 -> ?.X2)
                                -> ?.X3)
                            -> ?.X3)
                           -> ?.X4)
                       -> ?.X4)
                      -> (((((((?.X1 -> ?.X1) -> (?.X1 -> ?.X1) -> ?.X2)
                              -> ?.X2)
                             -> (((?.X1 -> ?.X1) -> (?.X1 -> ?.X1) -> ?.X2)
                                 -> ?.X2)
                                -> ?.X3)
                            -> ?.X3)
                           -> (((((?.X1 -> ?.X1) -> (?.X1 -> ?.X1) -> ?.X2)
                                 -> ?.X2)
                                -> (((?.X1 -> ?.X1) -> (?.X1 -> ?.X1) -> ?.X2)
                                    -> ?.X2)
                                   -> ?.X3)
                               -> ?.X3)
                              -> ?.X4)
                          -> ?.X4)
                         -> ?.X5)
                     -> ?.X5)
                    -> ?.X6)
                -> ?.X6)
               -> ?.X7)
           -> ?.X7)
          -> (((((((((((((?.X1 -> ?.X1) -> (?.X1 -> ?.X1) -> ?.X2) -> ?.X2)
                       -> (((?.X1 -> ?.X1) -> (?.X1 -> ?.X1) -> ?.X2) -> ?.X2)
                          -> ?.X3)
                      -> ?.X3)
                     -> (((((?.X1 -> ?.X1) -> (?.X1 -> ?.X1) -> ?.X2) -> ?.X2)
                          -> (((?.X1 -> ?.X1) -> (?.X1 -> ?.X1) -> ?.X2)
                              -> ?.X2)
                             -> ?.X3)
                         -> ?.X3)
                        -> ?.X4)
                    -> ?.X4)
                   -> (((((((?.X1 -> ?.X1) -> (?.X1 -> ?.X1) -> ?.X2) -> ?.X2)
                          -> (((?.X1 -> ?.X1) -> (?.X1 -> ?.X1) -> ?.X2)
                              -> ?.X2)
                             -> ?.X3)
                         -> ?.X3)
                        -> (((((?.X1 -> ?.X1) -> (?.X1 -> ?.X1) -> ?.X2)
                              -> ?.X2)
                             -> (((?.X1 -> ?.X1) -> (?.X1 -> ?.X1) -> ?.X2)
                                 -> ?.X2)
                                -> ?.X3)
                            -> ?.X3)
                           -> ?.X4)
                       -> ?.X4)
                      -> ?.X5)
                  -> ?.X5)
                 -> (((((((((?.X1 -> ?.X1) -> (?.X1 -> ?.X1) -> ?.X2) -> ?.X2)
                          -> (((?.X1 -> ?.X1) -> (?.X1 -> ?.X1) -> ?.X2)
                              -> ?.X2)
                             -> ?.X3)
                         -> ?.X3)
                        -> (((((?.X1 -> ?.X1) -> (?.X1 -> ?.X1) -> ?.X2)
                              -> ?.X2)
                             -> (((?.X1 -> ?.X1) -> (?.X1 -> ?.X1) -> ?.X2)
                                 -> ?.X2)
                                -> ?.X3)
                            -> ?.X3)
                           -> ?.X4)
                       -> ?.X4)
                      -> (((((((?.X1 -> ?.X1) -> (?.X1 -> ?.X1) -> ?.X2)
                              -> ?.X2)
                             -> (((?.X1 -> ?.X1) -> (?.X1 -> ?.X1) -> ?.X2)
                                 -> ?.X2)
                                -> ?.X3)
                            -> ?.X3)
                           -> (((((?.X1 -> ?.X1) -> (?.X1 -> ?.X1) -> ?.X2)
                                 -> ?.X2)
                                -> (((?.X1 -> ?.X1) -> (?.X1 -> ?.X1) -> ?.X2)
                                    -> ?.X2)
                                   -> ?.X3)
                               -> ?.X3)
                              -> ?.X4)
                          -> ?.X4)
                         -> ?.X5)
                     -> ?.X5)
                    -> ?.X6)
                -> ?.X6)
               -> (((((((((((?.X1 -> ?.X1) -> (?.X1 -> ?.X1) -> ?.X2) -> ?.X2)
                          -> (((?.X1 -> ?.X1) -> (?.X1 -> ?.X1) -> ?.X2)
                              -> ?.X2)
                             -> ?.X3)
                         -> ?.X3)
                        -> (((((?.X1 -> ?.X1) -> (?.X1 -> ?.X1) -> ?.X2)
                              -> ?.X2)
                             -> (((?.X1 -> ?.X1) -> (?.X1 -> ?.X1) -> ?.X2)
                                 -> ?.X2)
                                -> ?.X3)
                            -> ?.X3)
                           -> ?.X4)
                       -> ?.X4)
                      -> (((((((?.X1 -> ?.X1) -> (?.X1 -> ?.X1) -> ?.X2)
                              -> ?.X2)
                             -> (((?.X1 -> ?.X1) -> (?.X1 -> ?.X1) -> ?.X2)
                                 -> ?.X2)
                                -> ?.X3)
                            -> ?.X3)
                           -> (((((?.X1 -> ?.X1) -> (?.X1 -> ?.X1) -> ?.X2)
                                 -> ?.X2)
                                -> (((?.X1 -> ?.X1) -> (?.X1 -> ?.X1) -> ?.X2)
                                    -> ?.X2)
                                   -> ?.X3)
                               -> ?.X3)
                              -> ?.X4)
                          -> ?.X4)
                         -> ?.X5)
                     -> ?.X5)
                    -> (((((((((?.X1 -> ?.X1) -> (?.X1 -> ?.X1) -> ?.X2)
                              -> ?.X2)
                             -> (((?.X1 -> ?.X1) -> (?.X1 -> ?.X1) -> ?.X2)
                                 -> ?.X2)
                                -> ?.X3)
                            -> ?.X3)
                           -> (((((?.X1 -> ?.X1) -> (?.X1 -> ?.X1) -> ?.X2)
                                 -> ?.X2)
                                -> (((?.X1 -> ?.X1) -> (?.X1 -> ?.X1) -> ?.X2)
                                    -> ?.X2)
                                   -> ?.X3)
                               -> ?.X3)
                              -> ?.X4)
                          -> ?.X4)
                         -> (((((((?.X1 -> ?.X1) -> (?.X1 -> ?.X1) -> ?.X2)
                                 -> ?.X2)
                                -> (((?.X1 -> ?.X1) -> (?.X1 -> ?.X1) -> ?.X2)
                                    -> ?.X2)
                                   -> ?.X3)
                               -> ?.X3)
                              -> (((((?.X1 -> ?.X1) -> (?.X1 -> ?.X1) -> ?.X2)
                                    -> ?.X2)
                                   -> (((?.X1 -> ?.X1)
                                        -> (?.X1 -> ?.X1) -> ?.X2)
                                       -> ?.X2)
                                      -> ?.X3)
                                  -> ?.X3)
                                 -> ?.X4)
                             -> ?.X4)
                            -> ?.X5)
                        -> ?.X5)
                       -> ?.X6)
                   -> ?.X6)
                  -> ?.X7)
              -> ?.X7)
             -> ?.X8)
         -> ?.X8)
        -> ?.X9)
    -> ?.X9
- 
